#
# There is insufficient memory for the Java Runtime Environment to continue.
# Native memory allocation (malloc) failed to allocate 585296 bytes for Chunk::new
# Possible reasons:
#   The system is out of physical RAM or swap space
#   In 32 bit mode, the process size limit was hit
# Possible solutions:
#   Reduce memory load on the system
#   Increase physical memory or swap space
#   Check if swap backing store is full
#   Use 64 bit Java on a 64 bit OS
#   Decrease Java heap size (-Xmx/-Xms)
#   Decrease number of Java threads
#   Decrease Java thread stack sizes (-Xss)
#   Set larger code cache with -XX:ReservedCodeCacheSize=
# This output file may be truncated or incomplete.
#
#  Out of Memory Error (allocation.cpp:390), pid=10624, tid=0x00000000000029fc
#
# JRE version: OpenJDK Runtime Environment (8.0_152-b06) (build 1.8.0_152-release-1136-b06)
# Java VM: OpenJDK 64-Bit Server VM (25.152-b06 mixed mode windows-amd64 compressed oops)
# Failed to write core dump. Minidumps are not enabled by default on client versions of Windows
#

---------------  T H R E A D  ---------------

Current thread (0x0000000016429800):  JavaThread "C2 CompilerThread0" daemon [_thread_in_native, id=10748, stack(0x0000000017d30000,0x0000000017e30000)]

Stack: [0x0000000017d30000,0x0000000017e30000]
[error occurred during error reporting (printing stack bounds), id 0xc0000005]

Native frames: (J=compiled Java code, j=interpreted, Vv=VM code, C=native code)


Current CompileTask:
C2:2011098 19902       4       com.android.tools.r8.graph.DexClass::forEachMethod (75 bytes)


---------------  P R O C E S S  ---------------

Java Threads: ( => current thread )
  0x000000001e460000 JavaThread "ForkJoinPool-14-worker-0" daemon [_thread_blocked, id=1176, stack(0x0000000028ca0000,0x0000000028da0000)]
  0x000000001e458800 JavaThread "ForkJoinPool-14-worker-3" daemon [_thread_in_Java, id=5308, stack(0x0000000028ba0000,0x0000000028ca0000)]
  0x000000001e45f000 JavaThread "ForkJoinPool-14-worker-2" daemon [_thread_blocked, id=8292, stack(0x00000000285d0000,0x00000000286d0000)]
  0x000000001e457800 JavaThread "ForkJoinPool-14-worker-1" daemon [_thread_blocked, id=13024, stack(0x00000000284d0000,0x00000000285d0000)]
  0x000000001e456000 JavaThread "ForkJoinPool-13-worker-0" daemon [_thread_blocked, id=16092, stack(0x0000000027f00000,0x0000000028000000)]
  0x000000001e45b800 JavaThread "ForkJoinPool-13-worker-3" daemon [_thread_blocked, id=9136, stack(0x0000000027e00000,0x0000000027f00000)]
  0x000000001e459000 JavaThread "ForkJoinPool-13-worker-2" daemon [_thread_blocked, id=9064, stack(0x0000000027d00000,0x0000000027e00000)]
  0x000000001e45a800 JavaThread "ForkJoinPool-13-worker-1" daemon [_thread_blocked, id=12092, stack(0x0000000027c00000,0x0000000027d00000)]
  0x000000001da03000 JavaThread "ForkJoinPool.commonPool-worker-3" daemon [_thread_blocked, id=10360, stack(0x0000000026930000,0x0000000026a30000)]
  0x0000000018780000 JavaThread "Cache worker for Java compile cache (C:\Users\LENOVO\Documents\GitHub\XXNote\.gradle\4.6\javaCompile)" [_thread_blocked, id=10644, stack(0x0000000026830000,0x0000000026930000)]
  0x0000000018782800 JavaThread "stdout" daemon [_thread_in_native, id=9600, stack(0x0000000026730000,0x0000000026830000)]
  0x000000001877e000 JavaThread "stderr" daemon [_thread_in_native, id=6964, stack(0x0000000026630000,0x0000000026730000)]
  0x000000001da04800 JavaThread "stdout" daemon [_thread_in_native, id=11940, stack(0x0000000026530000,0x0000000026630000)]
  0x000000001da08800 JavaThread "stderr" daemon [_thread_in_native, id=4992, stack(0x0000000026430000,0x0000000026530000)]
  0x000000001da07800 JavaThread "stdout" daemon [_thread_in_native, id=15100, stack(0x0000000026330000,0x0000000026430000)]
  0x000000001da07000 JavaThread "stderr" daemon [_thread_in_native, id=15004, stack(0x0000000026230000,0x0000000026330000)]
  0x000000001da06000 JavaThread "pool-6-thread-1" [_thread_blocked, id=3360, stack(0x0000000026130000,0x0000000026230000)]
  0x000000001d9f9000 JavaThread "Task worker for ':' Thread 3" [_thread_blocked, id=13352, stack(0x0000000025d30000,0x0000000025e30000)]
  0x000000001d9fd000 JavaThread "Task worker for ':' Thread 2" [_thread_blocked, id=5152, stack(0x0000000025c30000,0x0000000025d30000)]
  0x000000001b2bb000 JavaThread "Task worker for ':'" [_thread_blocked, id=15624, stack(0x0000000025b30000,0x0000000025c30000)]
  0x000000001b2ba000 JavaThread "Cache worker for Build Output Cleanup Cache (C:\Users\LENOVO\Documents\GitHub\XXNote\.gradle\buildOutputCleanup)" [_thread_blocked, id=10372, stack(0x0000000025a30000,0x0000000025b30000)]
  0x000000001b2b9800 JavaThread "Cache worker for task history cache (C:\Users\LENOVO\Documents\GitHub\XXNote\.gradle\4.6\taskHistory)" [_thread_blocked, id=2844, stack(0x0000000025930000,0x0000000025a30000)]
  0x000000001b2b8000 JavaThread "Cache worker for file content cache (C:\Users\LENOVO\Documents\GitHub\XXNote\.gradle\4.6\fileContent)" [_thread_blocked, id=5744, stack(0x0000000025830000,0x0000000025930000)]
  0x000000001b2b8800 JavaThread "Build operations Thread 4" [_thread_blocked, id=3200, stack(0x0000000025730000,0x0000000025830000)]
  0x000000001b2af800 JavaThread "Build operations Thread 3" [_thread_blocked, id=784, stack(0x0000000025630000,0x0000000025730000)]
  0x000000001b2b6800 JavaThread "Build operations Thread 2" [_thread_blocked, id=5872, stack(0x0000000025530000,0x0000000025630000)]
  0x000000001b2b5800 JavaThread "Build operations" [_thread_blocked, id=13040, stack(0x0000000025430000,0x0000000025530000)]
  0x000000001b2b5000 JavaThread "Cache worker for Artifact transforms cache (C:\Users\LENOVO\.gradle\caches\transforms-1)" [_thread_blocked, id=3092, stack(0x0000000025330000,0x0000000025430000)]
  0x000000001b2b2000 JavaThread "Cache worker for file hash cache (C:\Users\LENOVO\Documents\GitHub\XXNote\.gradle\4.6\fileHashes)" [_thread_blocked, id=9272, stack(0x0000000025230000,0x0000000025330000)]
  0x000000001b2b1000 JavaThread "Asynchronous log dispatcher for DefaultDaemonConnection: socket connection from /127.0.0.1:61569 to /127.0.0.1:62141" [_thread_blocked, id=9720, stack(0x0000000025030000,0x0000000025130000)]
  0x000000001b2ad800 JavaThread "Daemon worker Thread 2" [_thread_blocked, id=14852, stack(0x0000000024f30000,0x0000000025030000)]
  0x000000001b2b2800 JavaThread "Cancel handler" [_thread_blocked, id=7460, stack(0x0000000024e30000,0x0000000024f30000)]
  0x000000001b2b0800 JavaThread "Handler for socket connection from /127.0.0.1:61569 to /127.0.0.1:62141" [_thread_in_native, id=3416, stack(0x0000000024d30000,0x0000000024e30000)]
  0x000000001b2b4000 JavaThread "Daemon Thread 2" [_thread_blocked, id=16196, stack(0x0000000024c30000,0x0000000024d30000)]
  0x000000001d9fa000 JavaThread "pool-1-thread-1" [_thread_blocked, id=9252, stack(0x0000000023230000,0x0000000023330000)]
  0x000000001d9fe000 JavaThread "Memory manager" [_thread_blocked, id=9528, stack(0x0000000020860000,0x0000000020960000)]
  0x000000001944c800 JavaThread "File lock request listener" [_thread_in_native, id=10076, stack(0x000000001a9b0000,0x000000001aab0000)]
  0x0000000019435800 JavaThread "Cache worker for file hash cache (C:\Users\LENOVO\.gradle\caches\4.6\fileHashes)" [_thread_blocked, id=14476, stack(0x000000001a8b0000,0x000000001a9b0000)]
  0x000000001907a800 JavaThread "Daemon periodic checks" [_thread_blocked, id=3464, stack(0x0000000019db0000,0x0000000019eb0000)]
  0x000000001911e000 JavaThread "Incoming local TCP Connector on port 61569" [_thread_in_native, id=8776, stack(0x0000000019c00000,0x0000000019d00000)]
  0x0000000017779000 JavaThread "Service Thread" daemon [_thread_blocked, id=13696, stack(0x0000000018030000,0x0000000018130000)]
  0x0000000017748800 JavaThread "C1 CompilerThread2" daemon [_thread_blocked, id=4520, stack(0x0000000017f30000,0x0000000018030000)]
  0x0000000017743000 JavaThread "C2 CompilerThread1" daemon [_thread_in_native, id=7512, stack(0x0000000017e30000,0x0000000017f30000)]
=>0x0000000016429800 JavaThread "C2 CompilerThread0" daemon [_thread_in_native, id=10748, stack(0x0000000017d30000,0x0000000017e30000)]
  0x00000000163dd800 JavaThread "Attach Listener" daemon [_thread_blocked, id=7524, stack(0x0000000017c30000,0x0000000017d30000)]
  0x0000000017738800 JavaThread "Signal Dispatcher" daemon [_thread_blocked, id=3244, stack(0x0000000017b30000,0x0000000017c30000)]
  0x00000000163be000 JavaThread "Finalizer" daemon [_thread_blocked, id=10128, stack(0x0000000017630000,0x0000000017730000)]
  0x0000000002a52800 JavaThread "Reference Handler" daemon [_thread_blocked, id=15268, stack(0x0000000017530000,0x0000000017630000)]
  0x000000000235e000 JavaThread "main" [_thread_blocked, id=3216, stack(0x0000000002860000,0x0000000002960000)]

Other Threads:
  0x0000000016395000 VMThread [stack: 0x0000000017430000,0x0000000017530000] [id=12112]
  0x000000001777b800 WatcherThread [stack: 0x0000000018130000,0x0000000018230000] [id=15772]

VM state:not at safepoint (normal execution)

VM Mutex/Monitor currently owned by a thread: None

Heap:
 PSYoungGen      total 219648K, used 93752K [0x00000000e0000000, 0x00000000f2200000, 0x0000000100000000)
  eden space 175104K, 41% used [0x00000000e0000000,0x00000000e47348f0,0x00000000eab00000)
  from space 44544K, 46% used [0x00000000eab00000,0x00000000ebf59918,0x00000000ed680000)
  to   space 43008K, 0% used [0x00000000ef800000,0x00000000ef800000,0x00000000f2200000)
 ParOldGen       total 128000K, used 90830K [0x00000000a0000000, 0x00000000a7d00000, 0x00000000e0000000)
  object space 128000K, 70% used [0x00000000a0000000,0x00000000a58b3b18,0x00000000a7d00000)
 Metaspace       used 89618K, capacity 92412K, committed 94424K, reserved 1132544K
  class space    used 11174K, capacity 11812K, committed 12288K, reserved 1048576K

Card table byte_map: [0x0000000011e20000,0x0000000012130000] byte_map_base: 0x0000000011920000

Marking Bits: (ParMarkBitMap*) 0x000000006c335aa0
 Begin Bits: [0x0000000012730000, 0x0000000013f30000)
 End Bits:   [0x0000000013f30000, 0x0000000015730000)

Polling page: 0x00000000003f0000

CodeCache: size=245760Kb used=56429Kb max_used=56429Kb free=189330Kb
 bounds [0x0000000002a60000, 0x00000000061d0000, 0x0000000011a60000]
 total_blobs=17079 nmethods=16188 adapters=801
 compilation: enabled

Compilation events (10 events):
Event: 2010.338 Thread 0x0000000017748800 19932       2       com.android.tools.r8.code.SubLong2Addr::<init> (7 bytes)
Event: 2010.339 Thread 0x0000000017748800 nmethod 19932 0x00000000061c0650 code [0x00000000061c07a0, 0x00000000061c0950]
Event: 2010.347 Thread 0x0000000017748800 19933       2       java.util.SubList$1::next (25 bytes)
Event: 2010.347 Thread 0x0000000017748800 nmethod 19933 0x00000000061c0a90 code [0x00000000061c0c20, 0x00000000061c0ea8]
Event: 2010.388 Thread 0x0000000017748800 19934       2       com.android.tools.r8.graph.MethodAccessFlags::setSynchronized (7 bytes)
Event: 2010.389 Thread 0x0000000017748800 nmethod 19934 0x00000000061c1050 code [0x00000000061c11a0, 0x00000000061c12f0]
Event: 2010.389 Thread 0x0000000017748800 19935       2       com.android.tools.r8.graph.MethodAccessFlags::unsetDeclaredSynchronized (7 bytes)
Event: 2010.389 Thread 0x0000000017748800 nmethod 19935 0x00000000061c1390 code [0x00000000061c14e0, 0x00000000061c1630]
Event: 2010.415 Thread 0x0000000017748800 19936       2       com.android.tools.r8.graph.DexValue$DexValueLong::create (26 bytes)
Event: 2010.415 Thread 0x0000000017748800 nmethod 19936 0x00000000061c16d0 code [0x00000000061c1820, 0x00000000061c19d0]

GC Heap History (10 events):
Event: 1991.295 GC heap before
{Heap before GC invocations=29 (full 3):
 PSYoungGen      total 165376K, used 164894K [0x00000000e0000000, 0x00000000ee000000, 0x0000000100000000)
  eden space 133120K, 100% used [0x00000000e0000000,0x00000000e8200000,0x00000000e8200000)
  from space 32256K, 98% used [0x00000000e8200000,0x00000000ea107bb0,0x00000000ea180000)
  to   space 37376K, 0% used [0x00000000ebb80000,0x00000000ebb80000,0x00000000ee000000)
 ParOldGen       total 85504K, used 60358K [0x00000000a0000000, 0x00000000a5380000, 0x00000000e0000000)
  object space 85504K, 70% used [0x00000000a0000000,0x00000000a3af1a80,0x00000000a5380000)
 Metaspace       used 89990K, capacity 93526K, committed 93656K, reserved 1130496K
  class space    used 11372K, capacity 12185K, committed 12288K, reserved 1048576K
Event: 1991.570 GC heap after
Heap after GC invocations=29 (full 3):
 PSYoungGen      total 191488K, used 23375K [0x00000000e0000000, 0x00000000ee580000, 0x0000000100000000)
  eden space 154112K, 0% used [0x00000000e0000000,0x00000000e0000000,0x00000000e9680000)
  from space 37376K, 62% used [0x00000000ebb80000,0x00000000ed253c40,0x00000000ee000000)
  to   space 37888K, 0% used [0x00000000e9680000,0x00000000e9680000,0x00000000ebb80000)
 ParOldGen       total 85504K, used 65101K [0x00000000a0000000, 0x00000000a5380000, 0x00000000e0000000)
  object space 85504K, 76% used [0x00000000a0000000,0x00000000a3f93508,0x00000000a5380000)
 Metaspace       used 89990K, capacity 93526K, committed 93656K, reserved 1130496K
  class space    used 11372K, capacity 12185K, committed 12288K, reserved 1048576K
}
Event: 1996.726 GC heap before
{Heap before GC invocations=30 (full 3):
 PSYoungGen      total 191488K, used 177487K [0x00000000e0000000, 0x00000000ee580000, 0x0000000100000000)
  eden space 154112K, 100% used [0x00000000e0000000,0x00000000e9680000,0x00000000e9680000)
  from space 37376K, 62% used [0x00000000ebb80000,0x00000000ed253c40,0x00000000ee000000)
  to   space 37888K, 0% used [0x00000000e9680000,0x00000000e9680000,0x00000000ebb80000)
 ParOldGen       total 85504K, used 65101K [0x00000000a0000000, 0x00000000a5380000, 0x00000000e0000000)
  object space 85504K, 76% used [0x00000000a0000000,0x00000000a3f93508,0x00000000a5380000)
 Metaspace       used 90136K, capacity 93678K, committed 93912K, reserved 1130496K
  class space    used 11372K, capacity 12185K, committed 12288K, reserved 1048576K
Event: 1996.872 GC heap after
Heap after GC invocations=30 (full 3):
 PSYoungGen      total 192000K, used 13725K [0x00000000e0000000, 0x00000000efa00000, 0x0000000100000000)
  eden space 154112K, 0% used [0x00000000e0000000,0x00000000e0000000,0x00000000e9680000)
  from space 37888K, 36% used [0x00000000e9680000,0x00000000ea3e75e8,0x00000000ebb80000)
  to   space 36352K, 0% used [0x00000000ed680000,0x00000000ed680000,0x00000000efa00000)
 ParOldGen       total 85504K, used 74876K [0x00000000a0000000, 0x00000000a5380000, 0x00000000e0000000)
  object space 85504K, 87% used [0x00000000a0000000,0x00000000a491f2e0,0x00000000a5380000)
 Metaspace       used 90136K, capacity 93678K, committed 93912K, reserved 1130496K
  class space    used 11372K, capacity 12185K, committed 12288K, reserved 1048576K
}
Event: 1996.872 GC heap before
{Heap before GC invocations=31 (full 4):
 PSYoungGen      total 192000K, used 13725K [0x00000000e0000000, 0x00000000efa00000, 0x0000000100000000)
  eden space 154112K, 0% used [0x00000000e0000000,0x00000000e0000000,0x00000000e9680000)
  from space 37888K, 36% used [0x00000000e9680000,0x00000000ea3e75e8,0x00000000ebb80000)
  to   space 36352K, 0% used [0x00000000ed680000,0x00000000ed680000,0x00000000efa00000)
 ParOldGen       total 85504K, used 74876K [0x00000000a0000000, 0x00000000a5380000, 0x00000000e0000000)
  object space 85504K, 87% used [0x00000000a0000000,0x00000000a491f2e0,0x00000000a5380000)
 Metaspace       used 90136K, capacity 93678K, committed 93912K, reserved 1130496K
  class space    used 11372K, capacity 12185K, committed 12288K, reserved 1048576K
Event: 2000.447 GC heap after
Heap after GC invocations=31 (full 4):
 PSYoungGen      total 192000K, used 0K [0x00000000e0000000, 0x00000000efa00000, 0x0000000100000000)
  eden space 154112K, 0% used [0x00000000e0000000,0x00000000e0000000,0x00000000e9680000)
  from space 37888K, 0% used [0x00000000e9680000,0x00000000e9680000,0x00000000ebb80000)
  to   space 36352K, 0% used [0x00000000ed680000,0x00000000ed680000,0x00000000efa00000)
 ParOldGen       total 128000K, used 63575K [0x00000000a0000000, 0x00000000a7d00000, 0x00000000e0000000)
  object space 128000K, 49% used [0x00000000a0000000,0x00000000a3e15d30,0x00000000a7d00000)
 Metaspace       used 88896K, capacity 91614K, committed 93912K, reserved 1130496K
  class space    used 11113K, capacity 11745K, committed 12288K, reserved 1048576K
}
Event: 2004.515 GC heap before
{Heap before GC invocations=32 (full 4):
 PSYoungGen      total 192000K, used 154112K [0x00000000e0000000, 0x00000000efa00000, 0x0000000100000000)
  eden space 154112K, 100% used [0x00000000e0000000,0x00000000e9680000,0x00000000e9680000)
  from space 37888K, 0% used [0x00000000e9680000,0x00000000e9680000,0x00000000ebb80000)
  to   space 36352K, 0% used [0x00000000ed680000,0x00000000ed680000,0x00000000efa00000)
 ParOldGen       total 128000K, used 63575K [0x00000000a0000000, 0x00000000a7d00000, 0x00000000e0000000)
  object space 128000K, 49% used [0x00000000a0000000,0x00000000a3e15d30,0x00000000a7d00000)
 Metaspace       used 89484K, capacity 92272K, committed 94424K, reserved 1132544K
  class space    used 11171K, capacity 11810K, committed 12288K, reserved 1048576K
Event: 2004.839 GC heap after
Heap after GC invocations=32 (full 4):
 PSYoungGen      total 211456K, used 36341K [0x00000000e0000000, 0x00000000f0c80000, 0x0000000100000000)
  eden space 175104K, 0% used [0x00000000e0000000,0x00000000e0000000,0x00000000eab00000)
  from space 36352K, 99% used [0x00000000ed680000,0x00000000ef9fd628,0x00000000efa00000)
  to   space 44544K, 0% used [0x00000000eab00000,0x00000000eab00000,0x00000000ed680000)
 ParOldGen       total 128000K, used 71142K [0x00000000a0000000, 0x00000000a7d00000, 0x00000000e0000000)
  object space 128000K, 55% used [0x00000000a0000000,0x00000000a4579840,0x00000000a7d00000)
 Metaspace       used 89484K, capacity 92272K, committed 94424K, reserved 1132544K
  class space    used 11171K, capacity 11810K, committed 12288K, reserved 1048576K
}
Event: 2009.426 GC heap before
{Heap before GC invocations=33 (full 4):
 PSYoungGen      total 211456K, used 211445K [0x00000000e0000000, 0x00000000f0c80000, 0x0000000100000000)
  eden space 175104K, 100% used [0x00000000e0000000,0x00000000eab00000,0x00000000eab00000)
  from space 36352K, 99% used [0x00000000ed680000,0x00000000ef9fd628,0x00000000efa00000)
  to   space 44544K, 0% used [0x00000000eab00000,0x00000000eab00000,0x00000000ed680000)
 ParOldGen       total 128000K, used 71142K [0x00000000a0000000, 0x00000000a7d00000, 0x00000000e0000000)
  object space 128000K, 55% used [0x00000000a0000000,0x00000000a4579840,0x00000000a7d00000)
 Metaspace       used 89591K, capacity 92408K, committed 94424K, reserved 1132544K
  class space    used 11174K, capacity 11812K, committed 12288K, reserved 1048576K
Event: 2009.610 GC heap after
Heap after GC invocations=33 (full 4):
 PSYoungGen      total 219648K, used 20838K [0x00000000e0000000, 0x00000000f2200000, 0x0000000100000000)
  eden space 175104K, 0% used [0x00000000e0000000,0x00000000e0000000,0x00000000eab00000)
  from space 44544K, 46% used [0x00000000eab00000,0x00000000ebf59918,0x00000000ed680000)
  to   space 43008K, 0% used [0x00000000ef800000,0x00000000ef800000,0x00000000f2200000)
 ParOldGen       total 128000K, used 90830K [0x00000000a0000000, 0x00000000a7d00000, 0x00000000e0000000)
  object space 128000K, 70% used [0x00000000a0000000,0x00000000a58b3b18,0x00000000a7d00000)
 Metaspace       used 89591K, capacity 92408K, committed 94424K, reserved 1132544K
  class space    used 11174K, capacity 11812K, committed 12288K, reserved 1048576K
}

Deoptimization events (10 events):
Event: 2009.712 Thread 0x000000001e45f000 Uncommon trap: reason=unstable_if action=reinterpret pc=0x00000000050d2a54 method=java.util.concurrent.ForkJoinPool.helpStealer(Ljava/util/concurrent/ForkJoinPool$WorkQueue;Ljava/util/concurrent/ForkJoinTask;)V @ 95
Event: 2009.733 Thread 0x000000001e45f000 Uncommon trap: reason=unstable_if action=reinterpret pc=0x0000000004fbe5ac method=java.util.concurrent.ForkJoinPool.tryCompensate(Ljava/util/concurrent/ForkJoinPool$WorkQueue;)Z @ 113
Event: 2009.808 Thread 0x000000001e458800 Uncommon trap: reason=unloaded action=reinterpret pc=0x0000000005f98ad0 method=com.android.tools.r8.code.BaseInstructionFactory.create(IILcom/android/tools/r8/code/BytecodeStream;Lcom/android/tools/r8/graph/OffsetToObjectMapping;)Lcom/android/tools/r8/cod
Event: 2010.136 Thread 0x000000001e460000 Uncommon trap: reason=class_check action=maybe_recompile pc=0x0000000006011e6c method=java.util.Comparators$NaturalOrderComparator.compare(Ljava/lang/Object;Ljava/lang/Object;)I @ 2
Event: 2010.136 Thread 0x000000001e460000 Uncommon trap: reason=class_check action=maybe_recompile pc=0x0000000006011e6c method=java.util.Comparators$NaturalOrderComparator.compare(Ljava/lang/Object;Ljava/lang/Object;)I @ 2
Event: 2010.136 Thread 0x000000001e460000 Uncommon trap: reason=class_check action=maybe_recompile pc=0x0000000006011e6c method=java.util.Comparators$NaturalOrderComparator.compare(Ljava/lang/Object;Ljava/lang/Object;)I @ 2
Event: 2010.136 Thread 0x000000001e460000 Uncommon trap: reason=class_check action=maybe_recompile pc=0x0000000006011e6c method=java.util.Comparators$NaturalOrderComparator.compare(Ljava/lang/Object;Ljava/lang/Object;)I @ 2
Event: 2010.228 Thread 0x000000001e460000 Uncommon trap: reason=predicate action=maybe_recompile pc=0x00000000060af878 method=java.util.TimSort.mergeHi(IIII)V @ 191
Event: 2010.229 Thread 0x000000001e460000 Uncommon trap: reason=predicate action=maybe_recompile pc=0x0000000006094ed4 method=java.util.TimSort.mergeLo(IIII)V @ 153
Event: 2010.232 Thread 0x000000001e460000 Uncommon trap: reason=unstable_if action=reinterpret pc=0x00000000044781cc method=com.android.tools.r8.dex.DexOutputBuffer.ensureSpaceFor(I)V @ 8

Classes redefined (0 events):
No events

Internal exceptions (10 events):
Event: 2003.672 Thread 0x000000001e45a800 Implicit null exception at 0x000000000384a26f to 0x000000000384a35d
Event: 2003.672 Thread 0x000000001e456000 Implicit null exception at 0x000000000384a26f to 0x000000000384a35d
Event: 2003.672 Thread 0x000000001e45b800 Implicit null exception at 0x000000000384a26f to 0x000000000384a35d
Event: 2003.672 Thread 0x000000001e459000 Implicit null exception at 0x000000000384a26f to 0x000000000384a35d
Event: 2006.968 Thread 0x000000001e459000 Implicit null exception at 0x0000000004d85ccf to 0x0000000004d85e41
Event: 2008.572 Thread 0x000000001e459000 Implicit null exception at 0x00000000058d682c to 0x00000000058d6b0d
Event: 2008.745 Thread 0x000000001e459000 Exception <a 'sun/nio/fs/WindowsException'> (0x00000000e8b4c8e8) thrown at [D:\src\AOSP-openjdk-cygwin\jdk8u\hotspot\src\share\vm\prims\jni.cpp, line 709]
Event: 2009.252 Thread 0x000000001e45f000 Exception <a 'sun/nio/fs/WindowsException'> (0x00000000e8f263f8) thrown at [D:\src\AOSP-openjdk-cygwin\jdk8u\hotspot\src\share\vm\prims\jni.cpp, line 709]
Event: 2009.744 Thread 0x000000001e457800 Exception <a 'sun/nio/fs/WindowsException'> (0x00000000e0c44a48) thrown at [D:\src\AOSP-openjdk-cygwin\jdk8u\hotspot\src\share\vm\prims\jni.cpp, line 709]
Event: 2010.254 Thread 0x000000001e460000 Exception <a 'sun/nio/fs/WindowsException'> (0x00000000e3559c60) thrown at [D:\src\AOSP-openjdk-cygwin\jdk8u\hotspot\src\share\vm\prims\jni.cpp, line 709]

Events (10 events):
Event: 2010.201 Thread 0x000000001e460000 DEOPT UNPACKING pc=0x0000000002aa75d0 sp=0x0000000028d9ec18 mode 0
Event: 2010.228 Thread 0x000000001e460000 Uncommon trap: trap_request=0xffffff86 fr.pc=0x00000000060af878
Event: 2010.228 Thread 0x000000001e460000 DEOPT PACKING pc=0x00000000060af878 sp=0x0000000028d9ec70
Event: 2010.228 Thread 0x000000001e460000 DEOPT UNPACKING pc=0x0000000002aa557b sp=0x0000000028d9ec78 mode 2
Event: 2010.229 Thread 0x000000001e460000 Uncommon trap: trap_request=0xffffff86 fr.pc=0x0000000006094ed4
Event: 2010.229 Thread 0x000000001e460000 DEOPT PACKING pc=0x0000000006094ed4 sp=0x0000000028d9ec70
Event: 2010.229 Thread 0x000000001e460000 DEOPT UNPACKING pc=0x0000000002aa557b sp=0x0000000028d9ec80 mode 2
Event: 2010.232 Thread 0x000000001e460000 Uncommon trap: trap_request=0xffffff65 fr.pc=0x00000000044781cc
Event: 2010.232 Thread 0x000000001e460000 DEOPT PACKING pc=0x00000000044781cc sp=0x0000000028d9edc0
Event: 2010.232 Thread 0x000000001e460000 DEOPT UNPACKING pc=0x0000000002aa557b sp=0x0000000028d9ec70 mode 2


Dynamic libraries:
0x00007ff7115c0000 - 0x00007ff7115f1000 	C:\Program Files\Android\Android Studio\jre\bin\java.exe
0x00007ffbdc670000 - 0x00007ffbdc851000 	C:\WINDOWS\SYSTEM32\ntdll.dll
0x00007ffbdb8f0000 - 0x00007ffbdb9a2000 	C:\WINDOWS\System32\KERNEL32.DLL
0x00007ffbd8c60000 - 0x00007ffbd8ed3000 	C:\WINDOWS\System32\KERNELBASE.dll
0x00007ffbdbe70000 - 0x00007ffbdbf11000 	C:\WINDOWS\System32\ADVAPI32.dll
0x00007ffbd9b00000 - 0x00007ffbd9b9e000 	C:\WINDOWS\System32\msvcrt.dll
0x00007ffbda0d0000 - 0x00007ffbda12b000 	C:\WINDOWS\System32\sechost.dll
0x00007ffbda130000 - 0x00007ffbda254000 	C:\WINDOWS\System32\RPCRT4.dll
0x00007ffbdc390000 - 0x00007ffbdc520000 	C:\WINDOWS\System32\USER32.dll
0x00007ffbd8f90000 - 0x00007ffbd8fb0000 	C:\WINDOWS\System32\win32u.dll
0x00007ffbdb8c0000 - 0x00007ffbdb8e8000 	C:\WINDOWS\System32\GDI32.dll
0x00007ffbd8ac0000 - 0x00007ffbd8c52000 	C:\WINDOWS\System32\gdi32full.dll
0x00007ffbd9160000 - 0x00007ffbd91ff000 	C:\WINDOWS\System32\msvcp_win.dll
0x00007ffbd9060000 - 0x00007ffbd9158000 	C:\WINDOWS\System32\ucrtbase.dll
0x00007ffbc35c0000 - 0x00007ffbc3829000 	C:\WINDOWS\WinSxS\amd64_microsoft.windows.common-controls_6595b64144ccf1df_6.0.17134.619_none_fb46a19f3061bf36\COMCTL32.dll
0x00007ffbd9d80000 - 0x00007ffbda0a2000 	C:\WINDOWS\System32\combase.dll
0x00007ffbd8a40000 - 0x00007ffbd8aba000 	C:\WINDOWS\System32\bcryptPrimitives.dll
0x00007ffbdbe40000 - 0x00007ffbdbe6d000 	C:\WINDOWS\System32\IMM32.DLL
0x000000006d160000 - 0x000000006d232000 	C:\Program Files\Android\Android Studio\jre\jre\bin\msvcr100.dll
0x000000006bb70000 - 0x000000006c3b1000 	C:\Program Files\Android\Android Studio\jre\jre\bin\server\jvm.dll
0x00007ffbdc370000 - 0x00007ffbdc378000 	C:\WINDOWS\System32\PSAPI.DLL
0x00007ffbd6740000 - 0x00007ffbd6763000 	C:\WINDOWS\SYSTEM32\WINMM.dll
0x00007ffbd7570000 - 0x00007ffbd7579000 	C:\WINDOWS\SYSTEM32\WSOCK32.dll
0x00007ffbdbb10000 - 0x00007ffbdbb7c000 	C:\WINDOWS\System32\WS2_32.dll
0x00007ffbca4e0000 - 0x00007ffbca4ea000 	C:\WINDOWS\SYSTEM32\VERSION.dll
0x00007ffbd6710000 - 0x00007ffbd673a000 	C:\WINDOWS\SYSTEM32\WINMMBASE.dll
0x00007ffbd8fb0000 - 0x00007ffbd8ff9000 	C:\WINDOWS\System32\cfgmgr32.dll
0x00007ffbd3bc0000 - 0x00007ffbd3bcf000 	C:\Program Files\Android\Android Studio\jre\jre\bin\verify.dll
0x00007ffbc20f0000 - 0x00007ffbc2119000 	C:\Program Files\Android\Android Studio\jre\jre\bin\java.dll
0x00007ffbc0d00000 - 0x00007ffbc0d16000 	C:\Program Files\Android\Android Studio\jre\jre\bin\zip.dll
0x00007ffbda260000 - 0x00007ffbdb6a0000 	C:\WINDOWS\System32\SHELL32.dll
0x00007ffbdbd90000 - 0x00007ffbdbe39000 	C:\WINDOWS\System32\shcore.dll
0x00007ffbd93f0000 - 0x00007ffbd9afd000 	C:\WINDOWS\System32\windows.storage.dll
0x00007ffbd9ba0000 - 0x00007ffbd9bf1000 	C:\WINDOWS\System32\shlwapi.dll
0x00007ffbd89b0000 - 0x00007ffbd89c1000 	C:\WINDOWS\System32\kernel.appcore.dll
0x00007ffbd8a20000 - 0x00007ffbd8a3f000 	C:\WINDOWS\System32\profapi.dll
0x00007ffbd89d0000 - 0x00007ffbd8a1c000 	C:\WINDOWS\System32\powrprof.dll
0x00007ffbd89a0000 - 0x00007ffbd89aa000 	C:\WINDOWS\System32\FLTLIB.DLL
0x00007ffba4690000 - 0x00007ffba46aa000 	C:\Program Files\Android\Android Studio\jre\jre\bin\net.dll
0x00007ffbd8180000 - 0x00007ffbd81e6000 	C:\WINDOWS\system32\mswsock.dll
0x00007ffba4580000 - 0x00007ffba4591000 	C:\Program Files\Android\Android Studio\jre\jre\bin\nio.dll
0x00007ffba3380000 - 0x00007ffba339e000 	C:\Users\LENOVO\.gradle\native\25\windows-amd64\native-platform.dll
0x00007ffbc3f90000 - 0x00007ffbc3f9d000 	C:\Program Files\Android\Android Studio\jre\jre\bin\management.dll
0x00007ffbd8330000 - 0x00007ffbd8347000 	C:\WINDOWS\SYSTEM32\CRYPTSP.dll
0x00007ffbd7d60000 - 0x00007ffbd7d93000 	C:\WINDOWS\system32\rsaenh.dll
0x00007ffbd8460000 - 0x00007ffbd8485000 	C:\WINDOWS\SYSTEM32\bcrypt.dll
0x00007ffbd88b0000 - 0x00007ffbd88d8000 	C:\WINDOWS\SYSTEM32\USERENV.dll
0x00007ffbd8350000 - 0x00007ffbd835b000 	C:\WINDOWS\SYSTEM32\CRYPTBASE.dll
0x00007ffbd7f00000 - 0x00007ffbd7f38000 	C:\WINDOWS\SYSTEM32\IPHLPAPI.DLL
0x00007ffbdbd20000 - 0x00007ffbdbd28000 	C:\WINDOWS\System32\NSI.dll
0x00007ffbcbee0000 - 0x00007ffbcbef6000 	C:\WINDOWS\SYSTEM32\dhcpcsvc6.DLL
0x00007ffbcc150000 - 0x00007ffbcc16a000 	C:\WINDOWS\SYSTEM32\dhcpcsvc.DLL
0x00007ffb9f6b0000 - 0x00007ffb9f6d4000 	C:\Program Files\Android\Android Studio\jre\jre\bin\sunec.dll
0x00007ffbd7f40000 - 0x00007ffbd7ffe000 	C:\WINDOWS\SYSTEM32\DNSAPI.dll
0x00007ffbc8400000 - 0x00007ffbc840a000 	C:\Windows\System32\rasadhlp.dll
0x00007ffbcafb0000 - 0x00007ffbcb022000 	C:\WINDOWS\System32\fwpuclnt.dll
0x00007ffbc33d0000 - 0x00007ffbc33db000 	C:\Program Files\Android\Android Studio\jre\jre\bin\sunmscapi.dll
0x00007ffbd9200000 - 0x00007ffbd93e2000 	C:\WINDOWS\System32\CRYPT32.dll
0x00007ffbd8980000 - 0x00007ffbd8992000 	C:\WINDOWS\System32\MSASN1.dll

VM Arguments:
jvm_args: -Xmx1536m -Dfile.encoding=GBK -Duser.country=CN -Duser.language=zh -Duser.variant 
java_command: org.gradle.launcher.daemon.bootstrap.GradleDaemon 4.6
java_class_path (initial): C:\Users\LENOVO\.gradle\wrapper\dists\gradle-4.6-all\bcst21l2brirad8k2ben1letg\gradle-4.6\lib\gradle-launcher-4.6.jar
Launcher Type: SUN_STANDARD

Environment Variables:
CLASSPATH=%JAVA_HOME%\lib\sqljdbc41.jar
PATH=C:\Program Files (x86)\Common Files\Oracle\Java\javapath;C:\WINDOWS\system32;C:\WINDOWS;C:\WINDOWS\System32\Wbem;C:\WINDOWS\System32\WindowsPowerShell\v1.0\;C:\Program Files\Intel\WiFi\bin\;C:\Program Files\Common Files\Intel\WirelessCommon\;C:\Python27\Scripts;C:\Python27;C:\WINDOWS\System32\OpenSSH\;D:\jdk\bin;C:\Program Files\Microsoft SQL Server\90\Tools\binn\;C:\Program Files (x86)\Microsoft SQL Server\90\Tools\binn\;D:\PowerBuilder\Shared\PowerBuilder;D:\PowerBuilder\Shared\PowerBuilder\x64;D:\PowerBuilder\PowerBuilder 12.6;C:\WINDOWS\Microsoft.NET\Framework\v4.0.30319;D:\kkkk\Shared\win32;D:\Shared\win32;D:\Shared\Sybase Central 4.1;D:\kkkk\PowerDynamo\win32;D:\CMAKE\bin;C:\Program Files\Microsoft SQL Server\Client SDK\ODBC\130\Tools\Binn\;C:\Program Files (x86)\Microsoft SQL Server\140\Tools\Binn\;C:\Program Files\Microsoft SQL Server\140\Tools\Binn\;C:\Program Files\Microsoft SQL Server\140\DTS\Binn\;C:\Program Files (x86)\Microsoft SQL Server\Client SDK\ODBC\130\Tools\Binn\;C:\Program Files (x86)\Microsoft SQL Server\140\DTS\Binn\;C:\Program Files (x86)\Microsoft SQL Server\140\Tools\Binn\ManagementStudio\;D:\python\Scripts;D:\python\3.6\Scripts\;D:\python\3.6\;D:\python\Scripts\;D:\python\;C:\Users\LENOVO\AppData\Local\Microsoft\WindowsApps;C:\Users\LENOVO\AppData\Local\GitHubDesktop\bin
USERNAME=FFOREVER
OS=Windows_NT
PROCESSOR_IDENTIFIER=Intel64 Family 6 Model 78 Stepping 3, GenuineIntel



---------------  S Y S T E M  ---------------

OS: Windows 10.0 , 64 bit Build 17134 (10.0.17134.556)

CPU:total 4 (initial active 4) (2 cores per cpu, 2 threads per core) family 6 model 78 stepping 3, cmov, cx8, fxsr, mmx, sse, sse2, sse3, ssse3, sse4.1, sse4.2, popcnt, avx, avx2, aes, clmul, erms, 3dnowpref, lzcnt, ht, tsc, tscinvbit, bmi1, bmi2, adx

Memory: 4k page, physical 3764728k(175876k free), swap 8729332k(5344k free)

vm_info: OpenJDK 64-Bit Server VM (25.152-b06) for windows-amd64 JRE (1.8.0_152-release-1136-b06), built by "builder" with MS VC++ 10.0 (VS2010)

time: Thu Mar 07 21:29:32 2019
elapsed time: 2010 seconds (0d 0h 33m 30s)

