#
# There is insufficient memory for the Java Runtime Environment to continue.
# Native memory allocation (malloc) failed to allocate 1032992 bytes for Chunk::new
# Possible reasons:
#   The system is out of physical RAM or swap space
#   In 32 bit mode, the process size limit was hit
# Possible solutions:
#   Reduce memory load on the system
#   Increase physical memory or swap space
#   Check if swap backing store is full
#   Use 64 bit Java on a 64 bit OS
#   Decrease Java heap size (-Xmx/-Xms)
#   Decrease number of Java threads
#   Decrease Java thread stack sizes (-Xss)
#   Set larger code cache with -XX:ReservedCodeCacheSize=
# This output file may be truncated or incomplete.
#
#  Out of Memory Error (allocation.cpp:390), pid=4388, tid=0x0000000000000fb4
#
# JRE version: OpenJDK Runtime Environment (8.0_152-b06) (build 1.8.0_152-release-1136-b06)
# Java VM: OpenJDK 64-Bit Server VM (25.152-b06 mixed mode windows-amd64 compressed oops)
# Failed to write core dump. Minidumps are not enabled by default on client versions of Windows
#

---------------  T H R E A D  ---------------

Current thread (0x000000001683a800):  JavaThread "C2 CompilerThread0" daemon [_thread_in_native, id=4020, stack(0x0000000018140000,0x0000000018240000)]

Stack: [0x0000000018140000,0x0000000018240000]
[error occurred during error reporting (printing stack bounds), id 0xc0000005]

Native frames: (J=compiled Java code, j=interpreted, Vv=VM code, C=native code)


Current CompileTask:
C2:1431699 12784       4       org.gradle.internal.component.external.model.DefaultMavenModuleResolveMetadata::getConfiguration (6 bytes)


---------------  P R O C E S S  ---------------

Java Threads: ( => current thread )
  0x0000000018926000 JavaThread "Task worker for ':' Thread 3" [_thread_blocked, id=14496, stack(0x000000002b240000,0x000000002b340000)]
  0x0000000018925000 JavaThread "Task worker for ':' Thread 2" [_thread_blocked, id=16024, stack(0x000000002b140000,0x000000002b240000)]
  0x0000000018923800 JavaThread "Task worker for ':'" [_thread_blocked, id=16064, stack(0x000000002b040000,0x000000002b140000)]
  0x0000000018924800 JavaThread "Cache worker for Build Output Cleanup Cache (C:\Users\LENOVO\Documents\GitHub\XXNote\.gradle\buildOutputCleanup)" [_thread_blocked, id=14768, stack(0x000000002af40000,0x000000002b040000)]
  0x0000000018923000 JavaThread "Cache worker for task history cache (C:\Users\LENOVO\Documents\GitHub\XXNote\.gradle\4.6\taskHistory)" [_thread_blocked, id=14264, stack(0x000000002ae40000,0x000000002af40000)]
  0x000000001891b800 JavaThread "Cache worker for file content cache (C:\Users\LENOVO\Documents\GitHub\XXNote\.gradle\4.6\fileContent)" [_thread_blocked, id=7864, stack(0x000000002ad40000,0x000000002ae40000)]
  0x000000001891f000 JavaThread "Build operations Thread 4" [_thread_blocked, id=2832, stack(0x000000002ac40000,0x000000002ad40000)]
  0x0000000018921800 JavaThread "Build operations Thread 3" [_thread_in_native, id=5568, stack(0x000000002ab40000,0x000000002ac40000)]
  0x0000000018920800 JavaThread "Build operations Thread 2" [_thread_blocked, id=2060, stack(0x000000002aa40000,0x000000002ab40000)]
  0x000000001891e800 JavaThread "Build operations" [_thread_blocked, id=8792, stack(0x000000002a940000,0x000000002aa40000)]
  0x0000000018920000 JavaThread "Cache worker for Artifact transforms cache (C:\Users\LENOVO\.gradle\caches\transforms-1)" [_thread_blocked, id=14620, stack(0x000000002a840000,0x000000002a940000)]
  0x0000000018917000 JavaThread "Cache worker for file hash cache (C:\Users\LENOVO\Documents\GitHub\XXNote\.gradle\4.6\fileHashes)" [_thread_blocked, id=928, stack(0x000000002a740000,0x000000002a840000)]
  0x000000001891a800 JavaThread "Stdin handler" [_thread_blocked, id=8884, stack(0x000000002a640000,0x000000002a740000)]
  0x000000001891d800 JavaThread "Asynchronous log dispatcher for DefaultDaemonConnection: socket connection from /127.0.0.1:62349 to /127.0.0.1:63351" [_thread_blocked, id=15192, stack(0x000000002a540000,0x000000002a640000)]
  0x000000001891a000 JavaThread "Daemon worker Thread 7" [_thread_blocked, id=1312, stack(0x000000002a440000,0x000000002a540000)]
  0x000000001891c000 JavaThread "Cancel handler" [_thread_blocked, id=12144, stack(0x000000002a340000,0x000000002a440000)]
  0x0000000018919000 JavaThread "Handler for socket connection from /127.0.0.1:62349 to /127.0.0.1:63351" [_thread_in_native, id=4140, stack(0x000000002a240000,0x000000002a340000)]
  0x0000000018918800 JavaThread "Daemon Thread 7" [_thread_blocked, id=8032, stack(0x000000002a140000,0x000000002a240000)]
  0x000000001891d000 JavaThread "pool-1-thread-1" [_thread_blocked, id=16132, stack(0x0000000023240000,0x0000000023340000)]
  0x0000000019b73000 JavaThread "Memory manager" [_thread_blocked, id=1672, stack(0x00000000207e0000,0x00000000208e0000)]
  0x00000000196de800 JavaThread "File lock request listener" [_thread_in_native, id=15212, stack(0x000000001cd60000,0x000000001ce60000)]
  0x000000001b9b3000 JavaThread "Cache worker for file hash cache (C:\Users\LENOVO\.gradle\caches\4.6\fileHashes)" [_thread_blocked, id=8908, stack(0x000000001bc90000,0x000000001bd90000)]
  0x0000000019957800 JavaThread "Daemon periodic checks" [_thread_blocked, id=2120, stack(0x000000001a1c0000,0x000000001a2c0000)]
  0x0000000019999800 JavaThread "Incoming local TCP Connector on port 62349" [_thread_in_native, id=16248, stack(0x000000001a010000,0x000000001a110000)]
  0x0000000017bc9000 JavaThread "Service Thread" daemon [_thread_blocked, id=12740, stack(0x0000000018440000,0x0000000018540000)]
  0x0000000017b50800 JavaThread "C1 CompilerThread2" daemon [_thread_blocked, id=11320, stack(0x0000000018340000,0x0000000018440000)]
  0x0000000017b49000 JavaThread "C2 CompilerThread1" daemon [_thread_blocked, id=9132, stack(0x0000000018240000,0x0000000018340000)]
=>0x000000001683a800 JavaThread "C2 CompilerThread0" daemon [_thread_in_native, id=4020, stack(0x0000000018140000,0x0000000018240000)]
  0x00000000167ee000 JavaThread "Attach Listener" daemon [_thread_blocked, id=10792, stack(0x0000000018040000,0x0000000018140000)]
  0x0000000017b48800 JavaThread "Signal Dispatcher" daemon [_thread_blocked, id=14764, stack(0x0000000017f40000,0x0000000018040000)]
  0x00000000167c8800 JavaThread "Finalizer" daemon [_thread_blocked, id=3980, stack(0x0000000017a40000,0x0000000017b40000)]
  0x0000000002e62800 JavaThread "Reference Handler" daemon [_thread_blocked, id=9876, stack(0x0000000017940000,0x0000000017a40000)]
  0x0000000000f0e000 JavaThread "main" [_thread_blocked, id=11112, stack(0x0000000002c70000,0x0000000002d70000)]

Other Threads:
  0x00000000167a5000 VMThread [stack: 0x0000000017840000,0x0000000017940000] [id=4904]
  0x0000000017bcc000 WatcherThread [stack: 0x0000000018540000,0x0000000018640000] [id=11344]

VM state:not at safepoint (normal execution)

VM Mutex/Monitor currently owned by a thread: None

Heap:
 PSYoungGen      total 259072K, used 191382K [0x00000000e0000000, 0x00000000f1b00000, 0x0000000100000000)
  eden space 243712K, 76% used [0x00000000e0000000,0x00000000eb624d18,0x00000000eee00000)
  from space 15360K, 31% used [0x00000000efd00000,0x00000000f01c0de8,0x00000000f0c00000)
  to   space 15360K, 0% used [0x00000000eee00000,0x00000000eee00000,0x00000000efd00000)
 ParOldGen       total 86528K, used 35822K [0x00000000a0000000, 0x00000000a5480000, 0x00000000e0000000)
  object space 86528K, 41% used [0x00000000a0000000,0x00000000a22fbb00,0x00000000a5480000)
 Metaspace       used 66177K, capacity 68888K, committed 69120K, reserved 1110016K
  class space    used 8593K, capacity 9181K, committed 9216K, reserved 1048576K

Card table byte_map: [0x0000000012230000,0x0000000012540000] byte_map_base: 0x0000000011d30000

Marking Bits: (ParMarkBitMap*) 0x000000006c335aa0
 Begin Bits: [0x0000000012b40000, 0x0000000014340000)
 End Bits:   [0x0000000014340000, 0x0000000015b40000)

Polling page: 0x0000000000b80000

CodeCache: size=245760Kb used=34261Kb max_used=34282Kb free=211498Kb
 bounds [0x0000000002e70000, 0x0000000005020000, 0x0000000011e70000]
 total_blobs=11269 nmethods=10459 adapters=722
 compilation: enabled

Compilation events (10 events):
Event: 1430.070 Thread 0x0000000017b50800 nmethod 12781 0x0000000004695cd0 code [0x0000000004695e40, 0x0000000004696068]
Event: 1430.102 Thread 0x0000000017b50800 12782       1       org.gradle.internal.component.model.LocalComponentDependencyMetadata::isChanging (5 bytes)
Event: 1430.102 Thread 0x0000000017b50800 nmethod 12782 0x0000000003be6150 code [0x0000000003be62a0, 0x0000000003be63b0]
Event: 1430.105 Thread 0x0000000017b50800 12783       1       org.gradle.internal.component.external.model.DefaultConfigurationMetadata::isCanBeConsumed (2 bytes)
Event: 1430.105 Thread 0x0000000017b50800 nmethod 12783 0x0000000003e367d0 code [0x0000000003e36920, 0x0000000003e36a30]
Event: 1430.249 Thread 0x000000001683a800 12784       4       org.gradle.internal.component.external.model.DefaultMavenModuleResolveMetadata::getConfiguration (6 bytes)
Event: 1430.280 Thread 0x0000000017b50800 12785       1       org.gradle.internal.component.local.model.DefaultLocalComponentMetadata$DefaultLocalConfigurationMetadata::isTransitive (5 bytes)
Event: 1430.283 Thread 0x0000000017b50800 nmethod 12785 0x0000000002fbf310 code [0x0000000002fbf460, 0x0000000002fbf570]
Event: 1430.343 Thread 0x0000000017b50800 12786       3       org.gradle.internal.component.local.model.DslOriginDependencyMetadataWrapper::getArtifacts (10 bytes)
Event: 1430.345 Thread 0x0000000017b50800 nmethod 12786 0x0000000003e32590 code [0x0000000003e32700, 0x0000000003e32928]

GC Heap History (10 events):
Event: 33.545 GC heap before
{Heap before GC invocations=15 (full 2):
 PSYoungGen      total 186368K, used 116595K [0x00000000e0000000, 0x00000000ec700000, 0x0000000100000000)
  eden space 173056K, 59% used [0x00000000e0000000,0x00000000e6547da0,0x00000000ea900000)
  from space 13312K, 96% used [0x00000000eb800000,0x00000000ec495238,0x00000000ec500000)
  to   space 15360K, 0% used [0x00000000ea900000,0x00000000ea900000,0x00000000eb800000)
 ParOldGen       total 50176K, used 29256K [0x00000000a0000000, 0x00000000a3100000, 0x00000000e0000000)
  object space 50176K, 58% used [0x00000000a0000000,0x00000000a1c920f8,0x00000000a3100000)
 Metaspace       used 57055K, capacity 58840K, committed 59008K, reserved 1099776K
  class space    used 7752K, capacity 8199K, committed 8320K, reserved 1048576K
Event: 33.645 GC heap after
Heap after GC invocations=15 (full 2):
 PSYoungGen      total 188416K, used 7321K [0x00000000e0000000, 0x00000000efd00000, 0x0000000100000000)
  eden space 173056K, 0% used [0x00000000e0000000,0x00000000e0000000,0x00000000ea900000)
  from space 15360K, 47% used [0x00000000ea900000,0x00000000eb0264a8,0x00000000eb800000)
  to   space 14336K, 0% used [0x00000000eef00000,0x00000000eef00000,0x00000000efd00000)
 ParOldGen       total 50176K, used 35209K [0x00000000a0000000, 0x00000000a3100000, 0x00000000e0000000)
  object space 50176K, 70% used [0x00000000a0000000,0x00000000a2262660,0x00000000a3100000)
 Metaspace       used 57055K, capacity 58840K, committed 59008K, reserved 1099776K
  class space    used 7752K, capacity 8199K, committed 8320K, reserved 1048576K
}
Event: 33.645 GC heap before
{Heap before GC invocations=16 (full 3):
 PSYoungGen      total 188416K, used 7321K [0x00000000e0000000, 0x00000000efd00000, 0x0000000100000000)
  eden space 173056K, 0% used [0x00000000e0000000,0x00000000e0000000,0x00000000ea900000)
  from space 15360K, 47% used [0x00000000ea900000,0x00000000eb0264a8,0x00000000eb800000)
  to   space 14336K, 0% used [0x00000000eef00000,0x00000000eef00000,0x00000000efd00000)
 ParOldGen       total 50176K, used 35209K [0x00000000a0000000, 0x00000000a3100000, 0x00000000e0000000)
  object space 50176K, 70% used [0x00000000a0000000,0x00000000a2262660,0x00000000a3100000)
 Metaspace       used 57055K, capacity 58840K, committed 59008K, reserved 1099776K
  class space    used 7752K, capacity 8199K, committed 8320K, reserved 1048576K
Event: 34.753 GC heap after
Heap after GC invocations=16 (full 3):
 PSYoungGen      total 188416K, used 0K [0x00000000e0000000, 0x00000000efd00000, 0x0000000100000000)
  eden space 173056K, 0% used [0x00000000e0000000,0x00000000e0000000,0x00000000ea900000)
  from space 15360K, 0% used [0x00000000ea900000,0x00000000ea900000,0x00000000eb800000)
  to   space 14336K, 0% used [0x00000000eef00000,0x00000000eef00000,0x00000000efd00000)
 ParOldGen       total 86528K, used 35798K [0x00000000a0000000, 0x00000000a5480000, 0x00000000e0000000)
  object space 86528K, 41% used [0x00000000a0000000,0x00000000a22f5b00,0x00000000a5480000)
 Metaspace       used 57055K, capacity 58840K, committed 59008K, reserved 1099776K
  class space    used 7752K, capacity 8199K, committed 8320K, reserved 1048576K
}
Event: 388.067 GC heap before
{Heap before GC invocations=17 (full 3):
 PSYoungGen      total 188416K, used 173056K [0x00000000e0000000, 0x00000000efd00000, 0x0000000100000000)
  eden space 173056K, 100% used [0x00000000e0000000,0x00000000ea900000,0x00000000ea900000)
  from space 15360K, 0% used [0x00000000ea900000,0x00000000ea900000,0x00000000eb800000)
  to   space 14336K, 0% used [0x00000000eef00000,0x00000000eef00000,0x00000000efd00000)
 ParOldGen       total 86528K, used 35798K [0x00000000a0000000, 0x00000000a5480000, 0x00000000e0000000)
  object space 86528K, 41% used [0x00000000a0000000,0x00000000a22f5b00,0x00000000a5480000)
 Metaspace       used 61085K, capacity 63084K, committed 63360K, reserved 1103872K
  class space    used 8056K, capacity 8535K, committed 8576K, reserved 1048576K
Event: 388.256 GC heap after
Heap after GC invocations=17 (full 3):
 PSYoungGen      total 221696K, used 13648K [0x00000000e0000000, 0x00000000efc80000, 0x0000000100000000)
  eden space 207872K, 0% used [0x00000000e0000000,0x00000000e0000000,0x00000000ecb00000)
  from space 13824K, 98% used [0x00000000eef00000,0x00000000efc54088,0x00000000efc80000)
  to   space 16384K, 0% used [0x00000000edc80000,0x00000000edc80000,0x00000000eec80000)
 ParOldGen       total 86528K, used 35806K [0x00000000a0000000, 0x00000000a5480000, 0x00000000e0000000)
  object space 86528K, 41% used [0x00000000a0000000,0x00000000a22f7b00,0x00000000a5480000)
 Metaspace       used 61085K, capacity 63084K, committed 63360K, reserved 1103872K
  class space    used 8056K, capacity 8535K, committed 8576K, reserved 1048576K
}
Event: 657.557 GC heap before
{Heap before GC invocations=18 (full 3):
 PSYoungGen      total 221696K, used 221520K [0x00000000e0000000, 0x00000000efc80000, 0x0000000100000000)
  eden space 207872K, 100% used [0x00000000e0000000,0x00000000ecb00000,0x00000000ecb00000)
  from space 13824K, 98% used [0x00000000eef00000,0x00000000efc54088,0x00000000efc80000)
  to   space 16384K, 0% used [0x00000000edc80000,0x00000000edc80000,0x00000000eec80000)
 ParOldGen       total 86528K, used 35806K [0x00000000a0000000, 0x00000000a5480000, 0x00000000e0000000)
  object space 86528K, 41% used [0x00000000a0000000,0x00000000a22f7b00,0x00000000a5480000)
 Metaspace       used 65076K, capacity 67460K, committed 67712K, reserved 1107968K
  class space    used 8548K, capacity 9071K, committed 9088K, reserved 1048576K
Event: 658.170 GC heap after
Heap after GC invocations=18 (full 3):
 PSYoungGen      total 242176K, used 6966K [0x00000000e0000000, 0x00000000f0c00000, 0x0000000100000000)
  eden space 225792K, 0% used [0x00000000e0000000,0x00000000e0000000,0x00000000edc80000)
  from space 16384K, 42% used [0x00000000edc80000,0x00000000ee34d960,0x00000000eec80000)
  to   space 15360K, 0% used [0x00000000efd00000,0x00000000efd00000,0x00000000f0c00000)
 ParOldGen       total 86528K, used 35814K [0x00000000a0000000, 0x00000000a5480000, 0x00000000e0000000)
  object space 86528K, 41% used [0x00000000a0000000,0x00000000a22f9b00,0x00000000a5480000)
 Metaspace       used 65076K, capacity 67460K, committed 67712K, reserved 1107968K
  class space    used 8548K, capacity 9071K, committed 9088K, reserved 1048576K
}
Event: 1012.973 GC heap before
{Heap before GC invocations=19 (full 3):
 PSYoungGen      total 242176K, used 232758K [0x00000000e0000000, 0x00000000f0c00000, 0x0000000100000000)
  eden space 225792K, 100% used [0x00000000e0000000,0x00000000edc80000,0x00000000edc80000)
  from space 16384K, 42% used [0x00000000edc80000,0x00000000ee34d960,0x00000000eec80000)
  to   space 15360K, 0% used [0x00000000efd00000,0x00000000efd00000,0x00000000f0c00000)
 ParOldGen       total 86528K, used 35814K [0x00000000a0000000, 0x00000000a5480000, 0x00000000e0000000)
  object space 86528K, 41% used [0x00000000a0000000,0x00000000a22f9b00,0x00000000a5480000)
 Metaspace       used 65577K, capacity 68124K, committed 68352K, reserved 1107968K
  class space    used 8562K, capacity 9095K, committed 9216K, reserved 1048576K
Event: 1014.159 GC heap after
Heap after GC invocations=19 (full 3):
 PSYoungGen      total 259072K, used 4867K [0x00000000e0000000, 0x00000000f1b00000, 0x0000000100000000)
  eden space 243712K, 0% used [0x00000000e0000000,0x00000000e0000000,0x00000000eee00000)
  from space 15360K, 31% used [0x00000000efd00000,0x00000000f01c0de8,0x00000000f0c00000)
  to   space 15360K, 0% used [0x00000000eee00000,0x00000000eee00000,0x00000000efd00000)
 ParOldGen       total 86528K, used 35822K [0x00000000a0000000, 0x00000000a5480000, 0x00000000e0000000)
  object space 86528K, 41% used [0x00000000a0000000,0x00000000a22fbb00,0x00000000a5480000)
 Metaspace       used 65577K, capacity 68124K, committed 68352K, reserved 1107968K
  class space    used 8562K, capacity 9095K, committed 9216K, reserved 1048576K
}

Deoptimization events (10 events):
Event: 672.432 Thread 0x0000000019b75800 Uncommon trap: reason=array_check action=maybe_recompile pc=0x0000000004c81e04 method=com.google.common.collect.RegularImmutableMap.fromEntryArray(I[Ljava/util/Map$Entry;)Lcom/google/common/collect/RegularImmutableMap; @ 200
Event: 1015.485 Thread 0x000000001891b800 Uncommon trap: reason=class_check action=maybe_recompile pc=0x00000000047909b0 method=com.google.common.collect.AbstractMapBasedMultimap$WrappedCollection.refreshIfEmpty()V @ 40
Event: 1297.652 Thread 0x000000001891c000 Uncommon trap: reason=predicate action=maybe_recompile pc=0x000000000467b0e0 method=com.google.common.collect.ImmutableSet.construct(I[Ljava/lang/Object;)Lcom/google/common/collect/ImmutableSet; @ 71
Event: 1300.114 Thread 0x000000001891c000 Uncommon trap: reason=null_check action=make_not_entrant pc=0x0000000004695fa0 method=org.gradle.api.internal.collections.CollectionFilter.filter(Ljava/lang/Object;)Ljava/lang/Object; @ 5
Event: 1300.661 Thread 0x000000001891c000 Uncommon trap: reason=class_check action=maybe_recompile pc=0x00000000047909b0 method=com.google.common.collect.AbstractMapBasedMultimap$WrappedCollection.refreshIfEmpty()V @ 40
Event: 1425.605 Thread 0x000000001891a000 Uncommon trap: reason=array_check action=maybe_recompile pc=0x0000000004ec3fec method=com.google.common.collect.ImmutableSet.construct(I[Ljava/lang/Object;)Lcom/google/common/collect/ImmutableSet; @ 122
Event: 1425.616 Thread 0x000000001891a000 Uncommon trap: reason=array_check action=maybe_recompile pc=0x0000000004ec3fec method=com.google.common.collect.ImmutableSet.construct(I[Ljava/lang/Object;)Lcom/google/common/collect/ImmutableSet; @ 122
Event: 1425.617 Thread 0x000000001891a000 Uncommon trap: reason=array_check action=maybe_recompile pc=0x0000000004ec3fec method=com.google.common.collect.ImmutableSet.construct(I[Ljava/lang/Object;)Lcom/google/common/collect/ImmutableSet; @ 122
Event: 1425.620 Thread 0x000000001891a000 Uncommon trap: reason=array_check action=maybe_recompile pc=0x0000000004ec3fec method=com.google.common.collect.ImmutableSet.construct(I[Ljava/lang/Object;)Lcom/google/common/collect/ImmutableSet; @ 122
Event: 1429.648 Thread 0x000000001891a000 Uncommon trap: reason=class_check action=maybe_recompile pc=0x00000000047909b0 method=com.google.common.collect.AbstractMapBasedMultimap$WrappedCollection.refreshIfEmpty()V @ 40

Classes redefined (0 events):
No events

Internal exceptions (10 events):
Event: 1428.650 Thread 0x000000001891a000 Exception <a 'sun/nio/fs/WindowsException'> (0x00000000e9584828) thrown at [D:\src\AOSP-openjdk-cygwin\jdk8u\hotspot\src\share\vm\prims\jni.cpp, line 709]
Event: 1428.650 Thread 0x000000001891a000 Exception <a 'sun/nio/fs/WindowsException'> (0x00000000e95853e0) thrown at [D:\src\AOSP-openjdk-cygwin\jdk8u\hotspot\src\share\vm\prims\jni.cpp, line 709]
Event: 1428.651 Thread 0x000000001891a000 Exception <a 'sun/nio/fs/WindowsException'> (0x00000000e9587dc0) thrown at [D:\src\AOSP-openjdk-cygwin\jdk8u\hotspot\src\share\vm\prims\jni.cpp, line 709]
Event: 1428.651 Thread 0x000000001891a000 Exception <a 'sun/nio/fs/WindowsException'> (0x00000000e95889a8) thrown at [D:\src\AOSP-openjdk-cygwin\jdk8u\hotspot\src\share\vm\prims\jni.cpp, line 709]
Event: 1428.652 Thread 0x000000001891a000 Exception <a 'sun/nio/fs/WindowsException'> (0x00000000e958a5c0) thrown at [D:\src\AOSP-openjdk-cygwin\jdk8u\hotspot\src\share\vm\prims\jni.cpp, line 709]
Event: 1428.652 Thread 0x000000001891a000 Exception <a 'sun/nio/fs/WindowsException'> (0x00000000e958b1e8) thrown at [D:\src\AOSP-openjdk-cygwin\jdk8u\hotspot\src\share\vm\prims\jni.cpp, line 709]
Event: 1428.653 Thread 0x000000001891a000 Exception <a 'sun/nio/fs/WindowsException'> (0x00000000e958de40) thrown at [D:\src\AOSP-openjdk-cygwin\jdk8u\hotspot\src\share\vm\prims\jni.cpp, line 709]
Event: 1428.653 Thread 0x000000001891a000 Exception <a 'sun/nio/fs/WindowsException'> (0x00000000e958eb08) thrown at [D:\src\AOSP-openjdk-cygwin\jdk8u\hotspot\src\share\vm\prims\jni.cpp, line 709]
Event: 1428.654 Thread 0x000000001891a000 Exception <a 'sun/nio/fs/WindowsException'> (0x00000000e9590810) thrown at [D:\src\AOSP-openjdk-cygwin\jdk8u\hotspot\src\share\vm\prims\jni.cpp, line 709]
Event: 1428.654 Thread 0x000000001891a000 Exception <a 'sun/nio/fs/WindowsException'> (0x00000000e9591510) thrown at [D:\src\AOSP-openjdk-cygwin\jdk8u\hotspot\src\share\vm\prims\jni.cpp, line 709]

Events (10 events):
Event: 1430.057 Executing VM operation: RevokeBias
Event: 1430.057 Executing VM operation: RevokeBias done
Event: 1430.060 Executing VM operation: RevokeBias
Event: 1430.060 Executing VM operation: RevokeBias done
Event: 1430.068 Executing VM operation: RevokeBias
Event: 1430.069 Executing VM operation: RevokeBias done
Event: 1430.071 Executing VM operation: RevokeBias
Event: 1430.072 Executing VM operation: RevokeBias done
Event: 1430.847 Executing VM operation: RevokeBias
Event: 1430.872 Executing VM operation: RevokeBias done


Dynamic libraries:
0x00007ff633cb0000 - 0x00007ff633ce1000 	C:\Program Files\Android\Android Studio\jre\bin\java.exe
0x00007ffbdc670000 - 0x00007ffbdc851000 	C:\WINDOWS\SYSTEM32\ntdll.dll
0x00007ffbdb8f0000 - 0x00007ffbdb9a2000 	C:\WINDOWS\System32\KERNEL32.DLL
0x00007ffbd8c60000 - 0x00007ffbd8ed3000 	C:\WINDOWS\System32\KERNELBASE.dll
0x00007ffbdbe70000 - 0x00007ffbdbf11000 	C:\WINDOWS\System32\ADVAPI32.dll
0x00007ffbd9b00000 - 0x00007ffbd9b9e000 	C:\WINDOWS\System32\msvcrt.dll
0x00007ffbda0d0000 - 0x00007ffbda12b000 	C:\WINDOWS\System32\sechost.dll
0x00007ffbda130000 - 0x00007ffbda254000 	C:\WINDOWS\System32\RPCRT4.dll
0x00007ffbdc390000 - 0x00007ffbdc520000 	C:\WINDOWS\System32\USER32.dll
0x00007ffbd8f90000 - 0x00007ffbd8fb0000 	C:\WINDOWS\System32\win32u.dll
0x00007ffbdb8c0000 - 0x00007ffbdb8e8000 	C:\WINDOWS\System32\GDI32.dll
0x00007ffbd8ac0000 - 0x00007ffbd8c52000 	C:\WINDOWS\System32\gdi32full.dll
0x00007ffbd9160000 - 0x00007ffbd91ff000 	C:\WINDOWS\System32\msvcp_win.dll
0x00007ffbd9060000 - 0x00007ffbd9158000 	C:\WINDOWS\System32\ucrtbase.dll
0x00007ffbc35c0000 - 0x00007ffbc3829000 	C:\WINDOWS\WinSxS\amd64_microsoft.windows.common-controls_6595b64144ccf1df_6.0.17134.619_none_fb46a19f3061bf36\COMCTL32.dll
0x00007ffbd9d80000 - 0x00007ffbda0a2000 	C:\WINDOWS\System32\combase.dll
0x00007ffbd8a40000 - 0x00007ffbd8aba000 	C:\WINDOWS\System32\bcryptPrimitives.dll
0x00007ffbdbe40000 - 0x00007ffbdbe6d000 	C:\WINDOWS\System32\IMM32.DLL
0x000000006d140000 - 0x000000006d212000 	C:\Program Files\Android\Android Studio\jre\jre\bin\msvcr100.dll
0x000000006bb70000 - 0x000000006c3b1000 	C:\Program Files\Android\Android Studio\jre\jre\bin\server\jvm.dll
0x00007ffbdc370000 - 0x00007ffbdc378000 	C:\WINDOWS\System32\PSAPI.DLL
0x00007ffbd6740000 - 0x00007ffbd6763000 	C:\WINDOWS\SYSTEM32\WINMM.dll
0x00007ffbd7570000 - 0x00007ffbd7579000 	C:\WINDOWS\SYSTEM32\WSOCK32.dll
0x00007ffbdbb10000 - 0x00007ffbdbb7c000 	C:\WINDOWS\System32\WS2_32.dll
0x00007ffbd6710000 - 0x00007ffbd673a000 	C:\WINDOWS\SYSTEM32\winmmbase.dll
0x00007ffbd8fb0000 - 0x00007ffbd8ff9000 	C:\WINDOWS\System32\cfgmgr32.dll
0x00007ffbca4e0000 - 0x00007ffbca4ea000 	C:\WINDOWS\SYSTEM32\VERSION.dll
0x00007ffbd6950000 - 0x00007ffbd695f000 	C:\Program Files\Android\Android Studio\jre\jre\bin\verify.dll
0x00007ffbd30f0000 - 0x00007ffbd3119000 	C:\Program Files\Android\Android Studio\jre\jre\bin\java.dll
0x00007ffbd3090000 - 0x00007ffbd30a6000 	C:\Program Files\Android\Android Studio\jre\jre\bin\zip.dll
0x00007ffbda260000 - 0x00007ffbdb6a0000 	C:\WINDOWS\System32\SHELL32.dll
0x00007ffbdbd90000 - 0x00007ffbdbe39000 	C:\WINDOWS\System32\shcore.dll
0x00007ffbd93f0000 - 0x00007ffbd9afd000 	C:\WINDOWS\System32\windows.storage.dll
0x00007ffbd9ba0000 - 0x00007ffbd9bf1000 	C:\WINDOWS\System32\shlwapi.dll
0x00007ffbd89b0000 - 0x00007ffbd89c1000 	C:\WINDOWS\System32\kernel.appcore.dll
0x00007ffbd8a20000 - 0x00007ffbd8a3f000 	C:\WINDOWS\System32\profapi.dll
0x00007ffbd89d0000 - 0x00007ffbd8a1c000 	C:\WINDOWS\System32\powrprof.dll
0x00007ffbd89a0000 - 0x00007ffbd89aa000 	C:\WINDOWS\System32\FLTLIB.DLL
0x00007ffbd3040000 - 0x00007ffbd305a000 	C:\Program Files\Android\Android Studio\jre\jre\bin\net.dll
0x00007ffbd8180000 - 0x00007ffbd81e6000 	C:\WINDOWS\system32\mswsock.dll
0x00007ffbd2ea0000 - 0x00007ffbd2eb1000 	C:\Program Files\Android\Android Studio\jre\jre\bin\nio.dll
0x00007ffbd30d0000 - 0x00007ffbd30ee000 	C:\Users\LENOVO\.gradle\native\25\windows-amd64\native-platform.dll
0x00007ffbd3bc0000 - 0x00007ffbd3bcd000 	C:\Program Files\Android\Android Studio\jre\jre\bin\management.dll
0x00007ffbd8330000 - 0x00007ffbd8347000 	C:\WINDOWS\SYSTEM32\CRYPTSP.dll
0x00007ffbd7d60000 - 0x00007ffbd7d93000 	C:\WINDOWS\system32\rsaenh.dll
0x00007ffbd8460000 - 0x00007ffbd8485000 	C:\WINDOWS\SYSTEM32\bcrypt.dll
0x00007ffbd88b0000 - 0x00007ffbd88d8000 	C:\WINDOWS\SYSTEM32\USERENV.dll
0x00007ffbd8350000 - 0x00007ffbd835b000 	C:\WINDOWS\SYSTEM32\CRYPTBASE.dll
0x00007ffbd7f00000 - 0x00007ffbd7f38000 	C:\WINDOWS\SYSTEM32\IPHLPAPI.DLL
0x00007ffbdbd20000 - 0x00007ffbdbd28000 	C:\WINDOWS\System32\NSI.dll
0x00007ffbcbee0000 - 0x00007ffbcbef6000 	C:\WINDOWS\SYSTEM32\dhcpcsvc6.DLL
0x00007ffbcc150000 - 0x00007ffbcc16a000 	C:\WINDOWS\SYSTEM32\dhcpcsvc.DLL

VM Arguments:
jvm_args: -Xmx1536m -Dfile.encoding=GBK -Duser.country=CN -Duser.language=zh -Duser.variant 
java_command: org.gradle.launcher.daemon.bootstrap.GradleDaemon 4.6
java_class_path (initial): C:\Users\LENOVO\.gradle\wrapper\dists\gradle-4.6-all\bcst21l2brirad8k2ben1letg\gradle-4.6\lib\gradle-launcher-4.6.jar
Launcher Type: SUN_STANDARD

Environment Variables:
CLASSPATH=%JAVA_HOME%\lib\sqljdbc41.jar
PATH=C:\Program Files (x86)\Common Files\Oracle\Java\javapath;C:\WINDOWS\system32;C:\WINDOWS;C:\WINDOWS\System32\Wbem;C:\WINDOWS\System32\WindowsPowerShell\v1.0\;C:\Program Files\Intel\WiFi\bin\;C:\Program Files\Common Files\Intel\WirelessCommon\;C:\Python27\Scripts;C:\Python27;C:\WINDOWS\System32\OpenSSH\;D:\jdk\bin;C:\Program Files\Microsoft SQL Server\90\Tools\binn\;C:\Program Files (x86)\Microsoft SQL Server\90\Tools\binn\;D:\PowerBuilder\Shared\PowerBuilder;D:\PowerBuilder\Shared\PowerBuilder\x64;D:\PowerBuilder\PowerBuilder 12.6;C:\WINDOWS\Microsoft.NET\Framework\v4.0.30319;D:\kkkk\Shared\win32;D:\Shared\win32;D:\Shared\Sybase Central 4.1;D:\kkkk\PowerDynamo\win32;D:\CMAKE\bin;C:\Program Files\Microsoft SQL Server\Client SDK\ODBC\130\Tools\Binn\;C:\Program Files (x86)\Microsoft SQL Server\140\Tools\Binn\;C:\Program Files\Microsoft SQL Server\140\Tools\Binn\;C:\Program Files\Microsoft SQL Server\140\DTS\Binn\;C:\Program Files (x86)\Microsoft SQL Server\Client SDK\ODBC\130\Tools\Binn\;C:\Program Files (x86)\Microsoft SQL Server\140\DTS\Binn\;C:\Program Files (x86)\Microsoft SQL Server\140\Tools\Binn\ManagementStudio\;D:\python\Scripts;D:\python\3.6\Scripts\;D:\python\3.6\;D:\python\Scripts\;D:\python\;C:\Users\LENOVO\AppData\Local\Microsoft\WindowsApps;C:\Users\LENOVO\AppData\Local\GitHubDesktop\bin
USERNAME=FFOREVER
OS=Windows_NT
PROCESSOR_IDENTIFIER=Intel64 Family 6 Model 78 Stepping 3, GenuineIntel



---------------  S Y S T E M  ---------------

OS: Windows 10.0 , 64 bit Build 17134 (10.0.17134.556)

CPU:total 4 (initial active 4) (2 cores per cpu, 2 threads per core) family 6 model 78 stepping 3, cmov, cx8, fxsr, mmx, sse, sse2, sse3, ssse3, sse4.1, sse4.2, popcnt, avx, avx2, aes, clmul, erms, 3dnowpref, lzcnt, ht, tsc, tscinvbit, bmi1, bmi2, adx

Memory: 4k page, physical 3764728k(75224k free), swap 8729332k(5504k free)

vm_info: OpenJDK 64-Bit Server VM (25.152-b06) for windows-amd64 JRE (1.8.0_152-release-1136-b06), built by "builder" with MS VC++ 10.0 (VS2010)

time: Thu Mar 07 21:58:58 2019
elapsed time: 1431 seconds (0d 0h 23m 51s)

